<?xml version="1.0" encoding="UTF-8"?>
<!-- Generated by org.testng.reporters.JUnitReportReporter -->
<testsuite skipped="0" hostname="DESKTOP-TNEIA9R" name="testCase.CustomTest" tests="1" failures="0" timestamp="10 十二月 2018 13:15:21 GMT" time="88.042" errors="0">
  <testcase name="CustomDo" time="88.042" classname="testCase.CustomTest"/>
</testsuite> <!-- testCase.CustomTest -->
