<?xml version="1.0" encoding="UTF-8"?>
<!-- Generated by org.testng.reporters.JUnitReportReporter -->
<testsuite skipped="0" hostname="DESKTOP-TNEIA9R" name="testCase.AddMessageTest" tests="1" failures="0" timestamp="28 十一月 2018 06:20:05 GMT" time="20.031" errors="0">
  <testcase name="addMessageSuccess" time="20.031" classname="testCase.AddMessageTest"/>
</testsuite> <!-- testCase.AddMessageTest -->
