<?xml version="1.0" encoding="UTF-8"?>
<!-- Generated by org.testng.reporters.JUnitReportReporter -->
<testsuite skipped="0" hostname="DESKTOP-TNEIA9R" name="testCase.ContactTest" tests="1" failures="0" timestamp="10 十二月 2018 11:58:49 GMT" time="51.142" errors="0">
  <testcase name="ContactTry" time="51.142" classname="testCase.ContactTest"/>
</testsuite> <!-- testCase.ContactTest -->
