<?xml version="1.0" encoding="UTF-8"?>
<!-- Generated by org.testng.reporters.JUnitReportReporter -->
<testsuite skipped="0" hostname="DESKTOP-TNEIA9R" name="testCase.SearchbkTest" tests="3" failures="0" timestamp="10 十二月 2018 12:17:42 GMT" time="130.893" errors="0">
  <testcase name="SearchBk" time="53.067" classname="testCase.SearchbkTest"/>
  <testcase name="AouncementDelete" time="30.754" classname="testCase.SearchbkTest"/>
  <testcase name="LoginRanZhi" time="47.072" classname="testCase.SearchbkTest"/>
</testsuite> <!-- testCase.SearchbkTest -->
