<?xml version="1.0" encoding="UTF-8"?>
<!-- Generated by org.testng.reporters.JUnitReportReporter -->
<testsuite skipped="0" hostname="DESKTOP-TNEIA9R" name="testCase.TestHelloWorld" tests="6" failures="0" timestamp="28 十一月 2018 12:56:12 GMT" time="0.032" errors="0">
  <testcase name="Test" time="0.012" classname="testCase.TestHelloWorld"/>
  <testcase name="test" time="0.007" classname="testCase.TestHelloWorld"/>
  <testcase name="Test3" time="0.002" classname="testCase.TestHelloWorld"/>
  <testcase name="Test1" time="0.003" classname="testCase.TestHelloWorld"/>
  <testcase name="Test4" time="0.002" classname="testCase.TestHelloWorld"/>
  <testcase name="Test2" time="0.006" classname="testCase.TestHelloWorld"/>
</testsuite> <!-- testCase.TestHelloWorld -->
